<?xml version="1.0" encoding="UTF-8"?>
<!-- Generated by org.testng.reporters.JUnitReportReporter -->
<testsuite hostname="DESKTOP-BQA1MLK" failures="0" tests="1" name="testCases.TC001_AccountRegistrationTest" time="3.301" errors="0" timestamp="2025-05-23T10:39:13 IST" skipped="0">
  <testcase classname="testCases.TC001_AccountRegistrationTest" name="verify_account_registration" time="3.301"/>
</testsuite> <!-- testCases.TC001_AccountRegistrationTest -->
