<?xml version="1.0" encoding="UTF-8"?>
<!-- Generated by org.testng.reporters.JUnitReportReporter -->
<testsuite hostname="DESKTOP-BQA1MLK" failures="0" tests="1" name="testCases.TC001_AccountRegistrationTest" time="3.092" errors="0" timestamp="2025-05-24T17:58:45 IST" skipped="0">
  <testcase classname="testCases.TC001_AccountRegistrationTest" name="verify_account_registration" time="3.092"/>
</testsuite> <!-- testCases.TC001_AccountRegistrationTest -->
