<?xml version="1.0" encoding="UTF-8"?>
<!-- Generated by org.testng.reporters.JUnitReportReporter -->
<testsuite hostname="DESKTOP-BQA1MLK" failures="0" tests="1" name="testCases.TC002_LoginTest" time="1.971" errors="0" timestamp="2025-05-24T17:58:45 IST" skipped="0">
  <testcase classname="testCases.TC002_LoginTest" name="verify_login" time="1.971"/>
</testsuite> <!-- testCases.TC002_LoginTest -->
